[0827/141557.382:INFO:CONSOLE(1)] "Long rAF frame-time", source: file:///C:/Program%20Files/Adobe/Adobe%20Photoshop%202020/Required/www-rich-tooltips/build/external.js (1)
[0827/170010.029:ERROR:media_internals.cc(112)] Cannot get RenderProcessHost
[0827/195438.239:WARNING:dns_config_service_win.cc(668)] Failed to read DnsConfig.
[0827/195439.923:WARNING:dns_config_service_win.cc(668)] Failed to read DnsConfig.
[0827/195442.763:WARNING:dns_config_service_win.cc(668)] Failed to read DnsConfig.
[0827/195443.266:WARNING:dns_config_service_win.cc(668)] Failed to read DnsConfig.
[0827/195445.068:WARNING:dns_config_service_win.cc(668)] Failed to read DnsConfig.
[0827/195447.794:WARNING:dns_config_service_win.cc(668)] Failed to read DnsConfig.
[0827/195448.296:WARNING:dns_config_service_win.cc(668)] Failed to read DnsConfig.
[0827/195450.292:WARNING:dns_config_service_win.cc(668)] Failed to read DnsConfig.
[0827/195452.813:WARNING:dns_config_service_win.cc(668)] Failed to read DnsConfig.
[0827/195453.321:WARNING:dns_config_service_win.cc(668)] Failed to read DnsConfig.
[0827/195455.318:WARNING:dns_config_service_win.cc(668)] Failed to read DnsConfig.
[0827/195457.844:WARNING:dns_config_service_win.cc(668)] Failed to read DnsConfig.
[0827/195458.353:WARNING:dns_config_service_win.cc(668)] Failed to read DnsConfig.
[0827/195500.339:WARNING:dns_config_service_win.cc(668)] Failed to read DnsConfig.
[0827/195502.867:WARNING:dns_config_service_win.cc(668)] Failed to read DnsConfig.
[0827/195503.371:WARNING:dns_config_service_win.cc(668)] Failed to read DnsConfig.
[0827/195505.363:WARNING:dns_config_service_win.cc(668)] Failed to read DnsConfig.
[0827/195507.894:WARNING:dns_config_service_win.cc(668)] Failed to read DnsConfig.
[0827/195508.389:WARNING:dns_config_service_win.cc(668)] Failed to read DnsConfig.
[0827/195510.377:WARNING:dns_config_service_win.cc(668)] Failed to read DnsConfig.
[0827/195512.909:WARNING:dns_config_service_win.cc(668)] Failed to read DnsConfig.
[0827/195513.411:WARNING:dns_config_service_win.cc(668)] Failed to read DnsConfig.
[0827/195515.395:WARNING:dns_config_service_win.cc(668)] Failed to read DnsConfig.
[0827/195517.921:WARNING:dns_config_service_win.cc(668)] Failed to read DnsConfig.
[0827/195518.427:WARNING:dns_config_service_win.cc(668)] Failed to read DnsConfig.
[0827/195520.414:WARNING:dns_config_service_win.cc(668)] Failed to read DnsConfig.
[0827/195522.948:WARNING:dns_config_service_win.cc(668)] Failed to read DnsConfig.
[0827/195523.441:WARNING:dns_config_service_win.cc(668)] Failed to read DnsConfig.
[0827/195525.437:WARNING:dns_config_service_win.cc(668)] Failed to read DnsConfig.
[0827/195527.968:WARNING:dns_config_service_win.cc(668)] Failed to read DnsConfig.
[0827/195528.465:WARNING:dns_config_service_win.cc(668)] Failed to read DnsConfig.
[0827/195530.462:WARNING:dns_config_service_win.cc(668)] Failed to read DnsConfig.
[0827/195532.991:WARNING:dns_config_service_win.cc(668)] Failed to read DnsConfig.
[0827/195533.485:WARNING:dns_config_service_win.cc(668)] Failed to read DnsConfig.
[0827/195535.476:WARNING:dns_config_service_win.cc(668)] Failed to read DnsConfig.
[0827/195538.020:WARNING:dns_config_service_win.cc(668)] Failed to read DnsConfig.
[0827/195538.506:WARNING:dns_config_service_win.cc(668)] Failed to read DnsConfig.
[0827/195540.496:WARNING:dns_config_service_win.cc(668)] Failed to read DnsConfig.
[0827/195543.043:WARNING:dns_config_service_win.cc(668)] Failed to read DnsConfig.
[0827/195543.527:WARNING:dns_config_service_win.cc(668)] Failed to read DnsConfig.
[0827/195545.509:WARNING:dns_config_service_win.cc(668)] Failed to read DnsConfig.
[0827/195548.059:WARNING:dns_config_service_win.cc(668)] Failed to read DnsConfig.
[0827/195548.552:WARNING:dns_config_service_win.cc(668)] Failed to read DnsConfig.
[0827/195550.535:WARNING:dns_config_service_win.cc(668)] Failed to read DnsConfig.
[0827/195553.086:WARNING:dns_config_service_win.cc(668)] Failed to read DnsConfig.
[0827/195553.566:WARNING:dns_config_service_win.cc(668)] Failed to read DnsConfig.
[0827/195555.552:WARNING:dns_config_service_win.cc(668)] Failed to read DnsConfig.
[0827/195558.098:WARNING:dns_config_service_win.cc(668)] Failed to read DnsConfig.
[0827/195558.584:WARNING:dns_config_service_win.cc(668)] Failed to read DnsConfig.
[0827/195600.578:WARNING:dns_config_service_win.cc(668)] Failed to read DnsConfig.
[0827/195603.121:WARNING:dns_config_service_win.cc(668)] Failed to read DnsConfig.
[0827/195603.607:WARNING:dns_config_service_win.cc(668)] Failed to read DnsConfig.
[0827/195605.601:WARNING:dns_config_service_win.cc(668)] Failed to read DnsConfig.
[0827/195608.143:WARNING:dns_config_service_win.cc(668)] Failed to read DnsConfig.
[0827/195608.632:WARNING:dns_config_service_win.cc(668)] Failed to read DnsConfig.
[0827/195610.622:WARNING:dns_config_service_win.cc(668)] Failed to read DnsConfig.
[0827/195613.171:WARNING:dns_config_service_win.cc(668)] Failed to read DnsConfig.
[0827/195613.648:WARNING:dns_config_service_win.cc(668)] Failed to read DnsConfig.
[0827/195615.644:WARNING:dns_config_service_win.cc(668)] Failed to read DnsConfig.
[0827/195618.187:WARNING:dns_config_service_win.cc(668)] Failed to read DnsConfig.
[0827/195618.670:WARNING:dns_config_service_win.cc(668)] Failed to read DnsConfig.
[0827/195620.669:WARNING:dns_config_service_win.cc(668)] Failed to read DnsConfig.
[0827/195623.201:WARNING:dns_config_service_win.cc(668)] Failed to read DnsConfig.
[0827/195623.684:WARNING:dns_config_service_win.cc(668)] Failed to read DnsConfig.
[0827/195625.693:WARNING:dns_config_service_win.cc(668)] Failed to read DnsConfig.
[0827/195628.216:WARNING:dns_config_service_win.cc(668)] Failed to read DnsConfig.
[0827/195628.828:WARNING:dns_config_service_win.cc(668)] Failed to read DnsConfig.
[0827/195630.709:WARNING:dns_config_service_win.cc(668)] Failed to read DnsConfig.
[0827/195633.237:WARNING:dns_config_service_win.cc(668)] Failed to read DnsConfig.
[0827/195633.845:WARNING:dns_config_service_win.cc(668)] Failed to read DnsConfig.
[0827/195635.728:WARNING:dns_config_service_win.cc(668)] Failed to read DnsConfig.
[0827/195638.257:WARNING:dns_config_service_win.cc(668)] Failed to read DnsConfig.
[0827/195638.866:WARNING:dns_config_service_win.cc(668)] Failed to read DnsConfig.
[0827/195640.742:WARNING:dns_config_service_win.cc(668)] Failed to read DnsConfig.
[0827/195643.269:WARNING:dns_config_service_win.cc(668)] Failed to read DnsConfig.
[0827/195643.875:WARNING:dns_config_service_win.cc(668)] Failed to read DnsConfig.
[0827/195645.761:WARNING:dns_config_service_win.cc(668)] Failed to read DnsConfig.
[0827/195648.283:WARNING:dns_config_service_win.cc(668)] Failed to read DnsConfig.
[0827/195648.891:WARNING:dns_config_service_win.cc(668)] Failed to read DnsConfig.
[0827/231406.700:WARNING:dns_config_service_win.cc(668)] Failed to read DnsConfig.
[0827/231411.717:WARNING:dns_config_service_win.cc(668)] Failed to read DnsConfig.
[0827/231416.729:WARNING:dns_config_service_win.cc(668)] Failed to read DnsConfig.
[0827/231421.749:WARNING:dns_config_service_win.cc(668)] Failed to read DnsConfig.
[0827/231426.769:WARNING:dns_config_service_win.cc(668)] Failed to read DnsConfig.
[0827/231431.784:WARNING:dns_config_service_win.cc(668)] Failed to read DnsConfig.
[0827/231436.807:WARNING:dns_config_service_win.cc(668)] Failed to read DnsConfig.
[0827/231441.829:WARNING:dns_config_service_win.cc(668)] Failed to read DnsConfig.
[0827/231446.835:WARNING:dns_config_service_win.cc(668)] Failed to read DnsConfig.
[0827/231451.852:WARNING:dns_config_service_win.cc(668)] Failed to read DnsConfig.
[0827/231456.873:WARNING:dns_config_service_win.cc(668)] Failed to read DnsConfig.
[0827/231501.891:WARNING:dns_config_service_win.cc(668)] Failed to read DnsConfig.
[0827/231506.900:WARNING:dns_config_service_win.cc(668)] Failed to read DnsConfig.
[0827/231511.918:WARNING:dns_config_service_win.cc(668)] Failed to read DnsConfig.
[0827/231516.934:WARNING:dns_config_service_win.cc(668)] Failed to read DnsConfig.
[0827/231521.955:WARNING:dns_config_service_win.cc(668)] Failed to read DnsConfig.
[0827/231526.971:WARNING:dns_config_service_win.cc(668)] Failed to read DnsConfig.
[0827/231531.987:WARNING:dns_config_service_win.cc(668)] Failed to read DnsConfig.
[0827/231537.007:WARNING:dns_config_service_win.cc(668)] Failed to read DnsConfig.
[0827/231542.024:WARNING:dns_config_service_win.cc(668)] Failed to read DnsConfig.
[0827/231547.044:WARNING:dns_config_service_win.cc(668)] Failed to read DnsConfig.
[0827/231552.065:WARNING:dns_config_service_win.cc(668)] Failed to read DnsConfig.
[0827/231557.084:WARNING:dns_config_service_win.cc(668)] Failed to read DnsConfig.
[0827/231602.105:WARNING:dns_config_service_win.cc(668)] Failed to read DnsConfig.
[0827/231607.124:WARNING:dns_config_service_win.cc(668)] Failed to read DnsConfig.
[0827/231612.135:WARNING:dns_config_service_win.cc(668)] Failed to read DnsConfig.
[0827/231617.145:WARNING:dns_config_service_win.cc(668)] Failed to read DnsConfig.
[0827/231622.155:WARNING:dns_config_service_win.cc(668)] Failed to read DnsConfig.
[0827/231627.173:WARNING:dns_config_service_win.cc(668)] Failed to read DnsConfig.
[0827/231632.194:WARNING:dns_config_service_win.cc(668)] Failed to read DnsConfig.
[0827/231637.212:WARNING:dns_config_service_win.cc(668)] Failed to read DnsConfig.
[0827/231642.223:WARNING:dns_config_service_win.cc(668)] Failed to read DnsConfig.
[0827/231647.241:WARNING:dns_config_service_win.cc(668)] Failed to read DnsConfig.
[0827/231652.252:WARNING:dns_config_service_win.cc(668)] Failed to read DnsConfig.
[0827/231657.265:WARNING:dns_config_service_win.cc(668)] Failed to read DnsConfig.
[0827/231702.286:WARNING:dns_config_service_win.cc(668)] Failed to read DnsConfig.
[0827/231707.308:WARNING:dns_config_service_win.cc(668)] Failed to read DnsConfig.
[0827/231712.322:WARNING:dns_config_service_win.cc(668)] Failed to read DnsConfig.
[0827/231717.344:WARNING:dns_config_service_win.cc(668)] Failed to read DnsConfig.
[0827/231722.354:WARNING:dns_config_service_win.cc(668)] Failed to read DnsConfig.
[0827/231727.367:WARNING:dns_config_service_win.cc(668)] Failed to read DnsConfig.
[0827/231732.377:WARNING:dns_config_service_win.cc(668)] Failed to read DnsConfig.
[0827/231737.387:WARNING:dns_config_service_win.cc(668)] Failed to read DnsConfig.
[0827/231742.407:WARNING:dns_config_service_win.cc(668)] Failed to read DnsConfig.
[0827/231747.415:WARNING:dns_config_service_win.cc(668)] Failed to read DnsConfig.
[0827/231752.438:WARNING:dns_config_service_win.cc(668)] Failed to read DnsConfig.
[0827/231757.452:WARNING:dns_config_service_win.cc(668)] Failed to read DnsConfig.
[0827/231802.473:WARNING:dns_config_service_win.cc(668)] Failed to read DnsConfig.
[0827/231807.492:WARNING:dns_config_service_win.cc(668)] Failed to read DnsConfig.
[0827/231812.507:WARNING:dns_config_service_win.cc(668)] Failed to read DnsConfig.
[0827/231817.522:WARNING:dns_config_service_win.cc(668)] Failed to read DnsConfig.
[0827/231822.543:WARNING:dns_config_service_win.cc(668)] Failed to read DnsConfig.
[0827/231827.553:WARNING:dns_config_service_win.cc(668)] Failed to read DnsConfig.
[0827/231832.606:WARNING:dns_config_service_win.cc(668)] Failed to read DnsConfig.
[0827/231837.624:WARNING:dns_config_service_win.cc(668)] Failed to read DnsConfig.
[0827/231842.640:WARNING:dns_config_service_win.cc(668)] Failed to read DnsConfig.
[0827/231847.651:WARNING:dns_config_service_win.cc(668)] Failed to read DnsConfig.
[0827/231852.671:WARNING:dns_config_service_win.cc(668)] Failed to read DnsConfig.
[0827/231857.680:WARNING:dns_config_service_win.cc(668)] Failed to read DnsConfig.
[0827/231902.689:WARNING:dns_config_service_win.cc(668)] Failed to read DnsConfig.
[0827/231907.711:WARNING:dns_config_service_win.cc(668)] Failed to read DnsConfig.
[0827/231912.731:WARNING:dns_config_service_win.cc(668)] Failed to read DnsConfig.
[0827/231917.754:WARNING:dns_config_service_win.cc(668)] Failed to read DnsConfig.
[0827/231922.777:WARNING:dns_config_service_win.cc(668)] Failed to read DnsConfig.
[0827/231927.790:WARNING:dns_config_service_win.cc(668)] Failed to read DnsConfig.
[0827/231932.810:WARNING:dns_config_service_win.cc(668)] Failed to read DnsConfig.
[0827/231937.821:WARNING:dns_config_service_win.cc(668)] Failed to read DnsConfig.
[0827/231942.829:WARNING:dns_config_service_win.cc(668)] Failed to read DnsConfig.
[0827/231947.847:WARNING:dns_config_service_win.cc(668)] Failed to read DnsConfig.
[0827/231952.867:WARNING:dns_config_service_win.cc(668)] Failed to read DnsConfig.
[0827/231957.890:WARNING:dns_config_service_win.cc(668)] Failed to read DnsConfig.
[0827/232002.897:WARNING:dns_config_service_win.cc(668)] Failed to read DnsConfig.
[0827/232007.910:WARNING:dns_config_service_win.cc(668)] Failed to read DnsConfig.
[0827/232012.929:WARNING:dns_config_service_win.cc(668)] Failed to read DnsConfig.
[0827/232017.947:WARNING:dns_config_service_win.cc(668)] Failed to read DnsConfig.
[0827/232022.953:WARNING:dns_config_service_win.cc(668)] Failed to read DnsConfig.
[0827/232027.961:WARNING:dns_config_service_win.cc(668)] Failed to read DnsConfig.
[0827/232032.967:WARNING:dns_config_service_win.cc(668)] Failed to read DnsConfig.
[0827/232037.983:WARNING:dns_config_service_win.cc(668)] Failed to read DnsConfig.
[0827/232042.997:WARNING:dns_config_service_win.cc(668)] Failed to read DnsConfig.
[0827/232048.011:WARNING:dns_config_service_win.cc(668)] Failed to read DnsConfig.
[0827/232053.027:WARNING:dns_config_service_win.cc(668)] Failed to read DnsConfig.
[0827/232058.048:WARNING:dns_config_service_win.cc(668)] Failed to read DnsConfig.
[0827/232103.061:WARNING:dns_config_service_win.cc(668)] Failed to read DnsConfig.
[0827/232108.072:WARNING:dns_config_service_win.cc(668)] Failed to read DnsConfig.
[0827/232113.083:WARNING:dns_config_service_win.cc(668)] Failed to read DnsConfig.
[0827/232118.092:WARNING:dns_config_service_win.cc(668)] Failed to read DnsConfig.
[0827/232123.110:WARNING:dns_config_service_win.cc(668)] Failed to read DnsConfig.
[0827/232128.119:WARNING:dns_config_service_win.cc(668)] Failed to read DnsConfig.
[0827/232133.141:WARNING:dns_config_service_win.cc(668)] Failed to read DnsConfig.
[0827/232138.151:WARNING:dns_config_service_win.cc(668)] Failed to read DnsConfig.
[0827/232143.173:WARNING:dns_config_service_win.cc(668)] Failed to read DnsConfig.
[0827/232148.191:WARNING:dns_config_service_win.cc(668)] Failed to read DnsConfig.
[0827/232153.208:WARNING:dns_config_service_win.cc(668)] Failed to read DnsConfig.
[0827/232158.222:WARNING:dns_config_service_win.cc(668)] Failed to read DnsConfig.
[0827/232203.239:WARNING:dns_config_service_win.cc(668)] Failed to read DnsConfig.
[0827/232208.251:WARNING:dns_config_service_win.cc(668)] Failed to read DnsConfig.
[0827/232213.260:WARNING:dns_config_service_win.cc(668)] Failed to read DnsConfig.
[0827/232218.274:WARNING:dns_config_service_win.cc(668)] Failed to read DnsConfig.
[0827/232223.297:WARNING:dns_config_service_win.cc(668)] Failed to read DnsConfig.
[0827/232228.317:WARNING:dns_config_service_win.cc(668)] Failed to read DnsConfig.
[0827/232233.334:WARNING:dns_config_service_win.cc(668)] Failed to read DnsConfig.
[0827/232238.359:WARNING:dns_config_service_win.cc(668)] Failed to read DnsConfig.
[0827/232243.378:WARNING:dns_config_service_win.cc(668)] Failed to read DnsConfig.
[0827/232248.390:WARNING:dns_config_service_win.cc(668)] Failed to read DnsConfig.
[0827/232253.406:WARNING:dns_config_service_win.cc(668)] Failed to read DnsConfig.
[0827/232258.416:WARNING:dns_config_service_win.cc(668)] Failed to read DnsConfig.
[0827/232303.424:WARNING:dns_config_service_win.cc(668)] Failed to read DnsConfig.
[0827/232308.444:WARNING:dns_config_service_win.cc(668)] Failed to read DnsConfig.
[0827/232313.463:WARNING:dns_config_service_win.cc(668)] Failed to read DnsConfig.
[0827/232318.475:WARNING:dns_config_service_win.cc(668)] Failed to read DnsConfig.
[0827/232323.494:WARNING:dns_config_service_win.cc(668)] Failed to read DnsConfig.
[0827/232328.512:WARNING:dns_config_service_win.cc(668)] Failed to read DnsConfig.
[0827/232333.530:WARNING:dns_config_service_win.cc(668)] Failed to read DnsConfig.
[0827/232338.550:WARNING:dns_config_service_win.cc(668)] Failed to read DnsConfig.
[0827/232343.573:WARNING:dns_config_service_win.cc(668)] Failed to read DnsConfig.
[0827/232348.593:WARNING:dns_config_service_win.cc(668)] Failed to read DnsConfig.
[0827/232353.602:WARNING:dns_config_service_win.cc(668)] Failed to read DnsConfig.
[0827/232358.621:WARNING:dns_config_service_win.cc(668)] Failed to read DnsConfig.
[0827/232403.636:WARNING:dns_config_service_win.cc(668)] Failed to read DnsConfig.
[0827/232408.644:WARNING:dns_config_service_win.cc(668)] Failed to read DnsConfig.
[0827/232413.655:WARNING:dns_config_service_win.cc(668)] Failed to read DnsConfig.
[0827/232418.676:WARNING:dns_config_service_win.cc(668)] Failed to read DnsConfig.
[0827/232423.686:WARNING:dns_config_service_win.cc(668)] Failed to read DnsConfig.
[0827/232428.697:WARNING:dns_config_service_win.cc(668)] Failed to read DnsConfig.
[0827/232433.719:WARNING:dns_config_service_win.cc(668)] Failed to read DnsConfig.
[0827/232438.732:WARNING:dns_config_service_win.cc(668)] Failed to read DnsConfig.
[0827/232440.340:WARNING:dns_config_service_win.cc(668)] Failed to read DnsConfig.
[0827/232443.754:WARNING:dns_config_service_win.cc(668)] Failed to read DnsConfig.
[0827/232445.374:WARNING:dns_config_service_win.cc(668)] Failed to read DnsConfig.
[0827/232448.778:WARNING:dns_config_service_win.cc(668)] Failed to read DnsConfig.
[0827/232450.387:WARNING:dns_config_service_win.cc(668)] Failed to read DnsConfig.
[0827/232453.802:WARNING:dns_config_service_win.cc(668)] Failed to read DnsConfig.
[0827/232455.413:WARNING:dns_config_service_win.cc(668)] Failed to read DnsConfig.
[0827/232458.829:WARNING:dns_config_service_win.cc(668)] Failed to read DnsConfig.
[0827/232500.438:WARNING:dns_config_service_win.cc(668)] Failed to read DnsConfig.
[0827/232503.845:WARNING:dns_config_service_win.cc(668)] Failed to read DnsConfig.
[0827/232505.454:WARNING:dns_config_service_win.cc(668)] Failed to read DnsConfig.
[0827/232508.872:WARNING:dns_config_service_win.cc(668)] Failed to read DnsConfig.
[0827/232510.474:WARNING:dns_config_service_win.cc(668)] Failed to read DnsConfig.
[0827/232513.888:WARNING:dns_config_service_win.cc(668)] Failed to read DnsConfig.
[0827/232515.491:WARNING:dns_config_service_win.cc(668)] Failed to read DnsConfig.
[0827/232518.904:WARNING:dns_config_service_win.cc(668)] Failed to read DnsConfig.
[0827/232520.520:WARNING:dns_config_service_win.cc(668)] Failed to read DnsConfig.
[0827/232523.916:WARNING:dns_config_service_win.cc(668)] Failed to read DnsConfig.
[0827/232525.539:WARNING:dns_config_service_win.cc(668)] Failed to read DnsConfig.
[0827/232528.939:WARNING:dns_config_service_win.cc(668)] Failed to read DnsConfig.
[0827/232530.570:WARNING:dns_config_service_win.cc(668)] Failed to read DnsConfig.
[0827/232533.959:WARNING:dns_config_service_win.cc(668)] Failed to read DnsConfig.
[0827/232535.587:WARNING:dns_config_service_win.cc(668)] Failed to read DnsConfig.
[0827/232538.983:WARNING:dns_config_service_win.cc(668)] Failed to read DnsConfig.
[0827/232540.621:WARNING:dns_config_service_win.cc(668)] Failed to read DnsConfig.
[0827/232544.000:WARNING:dns_config_service_win.cc(668)] Failed to read DnsConfig.
[0827/232545.649:WARNING:dns_config_service_win.cc(668)] Failed to read DnsConfig.
[0827/232549.017:WARNING:dns_config_service_win.cc(668)] Failed to read DnsConfig.
[0827/232550.669:WARNING:dns_config_service_win.cc(668)] Failed to read DnsConfig.
[0827/232554.036:WARNING:dns_config_service_win.cc(668)] Failed to read DnsConfig.
[0827/232555.683:WARNING:dns_config_service_win.cc(668)] Failed to read DnsConfig.
[0827/232559.054:WARNING:dns_config_service_win.cc(668)] Failed to read DnsConfig.
[0827/232600.708:WARNING:dns_config_service_win.cc(668)] Failed to read DnsConfig.
[0827/232604.068:WARNING:dns_config_service_win.cc(668)] Failed to read DnsConfig.
[0827/232605.723:WARNING:dns_config_service_win.cc(668)] Failed to read DnsConfig.
[0827/232609.086:WARNING:dns_config_service_win.cc(668)] Failed to read DnsConfig.
[0827/232610.747:WARNING:dns_config_service_win.cc(668)] Failed to read DnsConfig.
[0827/232614.110:WARNING:dns_config_service_win.cc(668)] Failed to read DnsConfig.
[0828/065549.450:WARNING:dns_config_service_win.cc(668)] Failed to read DnsConfig.
[0828/065552.430:WARNING:dns_config_service_win.cc(668)] Failed to read DnsConfig.
[0828/065554.470:WARNING:dns_config_service_win.cc(668)] Failed to read DnsConfig.
[0828/082608.250:WARNING:dns_config_service_win.cc(668)] Failed to read DnsConfig.
[0828/082609.273:WARNING:dns_config_service_win.cc(668)] Failed to read DnsConfig.
[0829/113511.149:INFO:CONSOLE(1)] "Long rAF frame-time", source: file:///C:/Program%20Files/Adobe/Adobe%20Photoshop%202020/Required/www-rich-tooltips/build/external.js (1)
[0829/113512.658:ERROR:mf_helpers.cc(14)] Error in dxva_video_decode_accelerator_win.cc on line 1612
[0829/113512.659:ERROR:mf_helpers.cc(14)] Error in dxva_video_decode_accelerator_win.cc on line 842
[0829/113917.227:ERROR:mf_helpers.cc(14)] Error in dxva_video_decode_accelerator_win.cc on line 1612
[0829/113917.227:ERROR:mf_helpers.cc(14)] Error in dxva_video_decode_accelerator_win.cc on line 842
[0829/113917.340:WARNING:angle_platform_impl.cc(52)] compileToBinary(230): 
C:\fakepath(69,8-58): warning X3571: pow(f, e) will not work for negative f, use abs(f) or conditionally handle negative values if you expect them
C:\fakepath(77,9-43): warning X3571: pow(f, e) will not work for negative f, use abs(f) or conditionally handle negative values if you expect them

[0829/123013.438:ERROR:media_internals.cc(112)] Cannot get RenderProcessHost
